<?xml version="1.0" encoding="UTF-8"?>
<!-- Generated by org.testng.reporters.JUnitReportReporter -->
<testsuite skipped="0" hostname="KesavarajS-IBMTP" name="IBM.Assignment_SDET.testCase2" tests="1" failures="0" timestamp="11 May 2021 04:59:14 GMT" time="2.975" errors="0">
  <testcase name="f" time="2.975" classname="IBM.Assignment_SDET.testCase2"/>
</testsuite> <!-- IBM.Assignment_SDET.testCase2 -->
