<?xml version="1.0" encoding="UTF-8"?>
<!-- Generated by org.testng.reporters.JUnitReportReporter -->
<testsuite skipped="0" hostname="KesavarajS-IBMTP" name="IBM.Assignment_SDET.testCase1" tests="3" failures="0" timestamp="11 May 2021 04:02:12 GMT" time="2.117" errors="0">
  <testcase name="postReq" time="2.011" classname="IBM.Assignment_SDET.testCase1"/>
  <testcase name="postReq" time="0.044" classname="IBM.Assignment_SDET.testCase1"/>
  <testcase name="postReq" time="0.062" classname="IBM.Assignment_SDET.testCase1"/>
</testsuite> <!-- IBM.Assignment_SDET.testCase1 -->
